Performing C SOURCE FILE Test CMAKE_HAVE_LIBC_PTHREAD failed with the following output:
Change Dir: /home/cantsleep/2021_ite2038_2018007429/project3/db_project/build/CMakeFiles/CMakeTmp

Run Build Command(s):/usr/bin/make -f Makefile cmTC_4d22d/fast && /usr/bin/make  -f CMakeFiles/cmTC_4d22d.dir/build.make CMakeFiles/cmTC_4d22d.dir/build
make[1]: Entering directory '/home/cantsleep/2021_ite2038_2018007429/project3/db_project/build/CMakeFiles/CMakeTmp'
Building C object CMakeFiles/cmTC_4d22d.dir/src.c.o
/usr/bin/cc -DCMAKE_HAVE_LIBC_PTHREAD   -o CMakeFiles/cmTC_4d22d.dir/src.c.o -c /home/cantsleep/2021_ite2038_2018007429/project3/db_project/build/CMakeFiles/CMakeTmp/src.c
Linking C executable cmTC_4d22d
/usr/local/bin/cmake -E cmake_link_script CMakeFiles/cmTC_4d22d.dir/link.txt --verbose=1
/usr/bin/cc CMakeFiles/cmTC_4d22d.dir/src.c.o -o cmTC_4d22d 
CMakeFiles/cmTC_4d22d.dir/src.c.o: In function `main':
src.c:(.text+0x3c): undefined reference to `pthread_create'
src.c:(.text+0x48): undefined reference to `pthread_detach'
src.c:(.text+0x54): undefined reference to `pthread_cancel'
src.c:(.text+0x65): undefined reference to `pthread_join'
src.c:(.text+0x79): undefined reference to `pthread_atfork'
collect2: error: ld returned 1 exit status
CMakeFiles/cmTC_4d22d.dir/build.make:98: recipe for target 'cmTC_4d22d' failed
make[1]: *** [cmTC_4d22d] Error 1
make[1]: Leaving directory '/home/cantsleep/2021_ite2038_2018007429/project3/db_project/build/CMakeFiles/CMakeTmp'
Makefile:127: recipe for target 'cmTC_4d22d/fast' failed
make: *** [cmTC_4d22d/fast] Error 2


Source file was:
#include <pthread.h>

static void* test_func(void* data)
{
  return data;
}

int main(void)
{
  pthread_t thread;
  pthread_create(&thread, NULL, test_func, NULL);
  pthread_detach(thread);
  pthread_cancel(thread);
  pthread_join(thread, NULL);
  pthread_atfork(NULL, NULL, NULL);
  pthread_exit(NULL);

  return 0;
}

Determining if the function pthread_create exists in the pthreads failed with the following output:
Change Dir: /home/cantsleep/2021_ite2038_2018007429/project3/db_project/build/CMakeFiles/CMakeTmp

Run Build Command(s):/usr/bin/make -f Makefile cmTC_50144/fast && /usr/bin/make  -f CMakeFiles/cmTC_50144.dir/build.make CMakeFiles/cmTC_50144.dir/build
make[1]: Entering directory '/home/cantsleep/2021_ite2038_2018007429/project3/db_project/build/CMakeFiles/CMakeTmp'
Building C object CMakeFiles/cmTC_50144.dir/CheckFunctionExists.c.o
/usr/bin/cc   -DCHECK_FUNCTION_EXISTS=pthread_create -o CMakeFiles/cmTC_50144.dir/CheckFunctionExists.c.o -c /usr/local/share/cmake-3.21/Modules/CheckFunctionExists.c
Linking C executable cmTC_50144
/usr/local/bin/cmake -E cmake_link_script CMakeFiles/cmTC_50144.dir/link.txt --verbose=1
/usr/bin/cc  -DCHECK_FUNCTION_EXISTS=pthread_create CMakeFiles/cmTC_50144.dir/CheckFunctionExists.c.o -o cmTC_50144  -lpthreads 
/usr/bin/ld: cannot find -lpthreads
collect2: error: ld returned 1 exit status
CMakeFiles/cmTC_50144.dir/build.make:98: recipe for target 'cmTC_50144' failed
make[1]: *** [cmTC_50144] Error 1
make[1]: Leaving directory '/home/cantsleep/2021_ite2038_2018007429/project3/db_project/build/CMakeFiles/CMakeTmp'
Makefile:127: recipe for target 'cmTC_50144/fast' failed
make: *** [cmTC_50144/fast] Error 2



